<?xml version="1.0" encoding="UTF-8"?>
<testng-results total="1" passed="1" failed="0" skipped="0">
  <reporter-output>
  </reporter-output>
  <suite started-at="2021-05-29T14:50:50Z" name="All Test Suite" finished-at="2021-05-29T14:50:55Z" duration-ms="5185">
    <groups>
    </groups>
    <test started-at="2021-05-29T14:50:50Z" name="C:/Users/ankumbar/IdeaProjects/RestAutoTest" finished-at="2021-05-29T14:50:55Z" duration-ms="5185">
      <class name="RestAutomation">
        <test-method signature="restTest()[pri:0, instance:RestAutomation@12c8a2c0]" started-at="2021-05-29T20:20:50Z" name="restTest" finished-at="2021-05-29T20:20:55Z" duration-ms="5177" status="PASS">
          <reporter-output>
          </reporter-output>
        </test-method> <!-- restTest -->
      </class> <!-- RestAutomation -->
    </test> <!-- C:/Users/ankumbar/IdeaProjects/RestAutoTest -->
  </suite> <!-- All Test Suite -->
</testng-results>
